#
# There is insufficient memory for the Java Runtime Environment to continue.
# Native memory allocation (malloc) failed to allocate 1227376 bytes for Chunk::new
# Possible reasons:
#   The system is out of physical RAM or swap space
#   The process is running with CompressedOops enabled, and the Java Heap may be blocking the growth of the native heap
# Possible solutions:
#   Reduce memory load on the system
#   Increase physical memory or swap space
#   Check if swap backing store is full
#   Decrease Java heap size (-Xmx/-Xms)
#   Decrease number of Java threads
#   Decrease Java thread stack sizes (-Xss)
#   Set larger code cache with -XX:ReservedCodeCacheSize=
#   JVM is running with Zero Based Compressed Oops mode in which the Java heap is
#     placed in the first 32GB address space. The Java Heap base address is the
#     maximum limit for the native heap growth. Please use -XX:HeapBaseMinAddress
#     to set the Java Heap base and to place the Java Heap above 32GB virtual address.
# This output file may be truncated or incomplete.
#
#  Out of Memory Error (allocation.cpp:389), pid=1892, tid=0x0000000000005368
#
# JRE version: Java(TM) SE Runtime Environment (8.0_321-b07) (build 1.8.0_321-b07)
# Java VM: Java HotSpot(TM) 64-Bit Server VM (25.321-b07 mixed mode windows-amd64 compressed oops)
# Failed to write core dump. Minidumps are not enabled by default on client versions of Windows
#

---------------  T H R E A D  ---------------

Current thread (0x0000023960c54000):  JavaThread "C2 CompilerThread2" daemon [_thread_in_native, id=21352, stack(0x000000f537d00000,0x000000f537e00000)]

Stack: [0x000000f537d00000,0x000000f537e00000]
Native frames: (J=compiled Java code, j=interpreted, Vv=VM code, C=native code)
V  [jvm.dll+0x32fc49]
V  [jvm.dll+0x2761a2]
V  [jvm.dll+0x276e4d]
V  [jvm.dll+0x26d7f5]
V  [jvm.dll+0xd5a0c]
V  [jvm.dll+0xd620c]
V  [jvm.dll+0x4716a3]
V  [jvm.dll+0x438d60]
V  [jvm.dll+0x441d65]
V  [jvm.dll+0x441125]
V  [jvm.dll+0x42becb]
V  [jvm.dll+0xac68b]
V  [jvm.dll+0xaaceb]
V  [jvm.dll+0x23e6f2]
V  [jvm.dll+0x292edc]
C  [ucrtbase.dll+0x21bb2]
C  [KERNEL32.DLL+0x17034]
C  [ntdll.dll+0x52651]


Current CompileTask:
C2:   1531 1464   !   4       org.stringtemplate.v4.compiler.STParser::memberExpr (852 bytes)


---------------  P R O C E S S  ---------------

Java Threads: ( => current thread )
  0x0000023962050800 JavaThread "Service Thread" daemon [_thread_blocked, id=8352, stack(0x000000f537f00000,0x000000f538000000)]
  0x0000023960c58800 JavaThread "C1 CompilerThread3" daemon [_thread_blocked, id=10148, stack(0x000000f537e00000,0x000000f537f00000)]
=>0x0000023960c54000 JavaThread "C2 CompilerThread2" daemon [_thread_in_native, id=21352, stack(0x000000f537d00000,0x000000f537e00000)]
  0x0000023960c50800 JavaThread "C2 CompilerThread1" daemon [_thread_in_native, id=15668, stack(0x000000f537c00000,0x000000f537d00000)]
  0x0000023960c4d800 JavaThread "C2 CompilerThread0" daemon [_thread_in_native, id=15520, stack(0x000000f537b00000,0x000000f537c00000)]
  0x0000023960c4a800 JavaThread "Attach Listener" daemon [_thread_blocked, id=3312, stack(0x000000f537a00000,0x000000f537b00000)]
  0x0000023960c4a000 JavaThread "Signal Dispatcher" daemon [_thread_blocked, id=14568, stack(0x000000f537900000,0x000000f537a00000)]
  0x0000023960c2f800 JavaThread "Finalizer" daemon [_thread_blocked, id=23188, stack(0x000000f537800000,0x000000f537900000)]
  0x0000023960c08800 JavaThread "Reference Handler" daemon [_thread_blocked, id=21228, stack(0x000000f537700000,0x000000f537800000)]
  0x0000023947b13000 JavaThread "main" [_thread_in_native, id=12452, stack(0x000000f536d00000,0x000000f536e00000)]

Other Threads:
  0x0000023960c03800 VMThread [stack: 0x000000f537600000,0x000000f537700000] [id=3444]
  0x0000023960cdb000 WatcherThread [stack: 0x000000f538000000,0x000000f538100000] [id=684]

VM state:not at safepoint (normal execution)

VM Mutex/Monitor currently owned by a thread: None

heap address: 0x0000000701600000, size: 3050 MB, Compressed Oops mode: Zero based, Oop shift amount: 3
Narrow klass base: 0x0000000000000000, Narrow klass shift: 3
Compressed class space size: 1073741824 Address: 0x00000007c0000000

Heap:
 PSYoungGen      total 106496K, used 10120K [0x0000000780780000, 0x000000078dd80000, 0x00000007c0000000)
  eden space 98304K, 1% used [0x0000000780780000,0x0000000780964708,0x0000000786780000)
  from space 8192K, 99% used [0x0000000786780000,0x0000000786f7dbe0,0x0000000786f80000)
  to   space 11264K, 0% used [0x000000078d280000,0x000000078d280000,0x000000078dd80000)
 ParOldGen       total 131072K, used 3098K [0x0000000701600000, 0x0000000709600000, 0x0000000780780000)
  object space 131072K, 2% used [0x0000000701600000,0x00000007019068a0,0x0000000709600000)
 Metaspace       used 7851K, capacity 8460K, committed 8576K, reserved 1056768K
  class space    used 823K, capacity 868K, committed 896K, reserved 1048576K

Card table byte_map: [0x00000239587a0000,0x0000023958da0000] byte_map_base: 0x0000023954f95000

Marking Bits: (ParMarkBitMap*) 0x0000000070089030
 Begin Bits: [0x00000239591a0000, 0x000002395c148000)
 End Bits:   [0x000002395c148000, 0x000002395f0f0000)

Polling page: 0x00000239493b0000

CodeCache: size=245760Kb used=8742Kb max_used=8758Kb free=237017Kb
 bounds [0x00000239493e0000, 0x0000023949c80000, 0x00000239583e0000]
 total_blobs=2107 nmethods=1852 adapters=167
 compilation: enabled

Compilation events (10 events):
Event: 1.393 Thread 0x0000023960c50800 nmethod 1794 0x0000023949c5a8d0 code [0x0000023949c5ad20, 0x0000023949c5e158]
Event: 1.394 Thread 0x0000023960c50800 1866       4       java.util.HashMap::getNode (148 bytes)
Event: 1.394 Thread 0x0000023960c58800 1887       2       java.net.URLClassLoader::defineClass (142 bytes)
Event: 1.396 Thread 0x0000023960c58800 nmethod 1887 0x0000023949c58350 code [0x0000023949c58600, 0x0000023949c59640]
Event: 1.397 Thread 0x0000023960c50800 nmethod 1866 0x0000023949c549d0 code [0x0000023949c54b40, 0x0000023949c54fd8]
Event: 1.397 Thread 0x0000023960c50800 1871   !   4       org.stringtemplate.v4.Interpreter::_exec (2646 bytes)
Event: 1.405 Thread 0x0000023960c58800 1889       2       java.util.zip.ZipFile$ZipFileInflaterInputStream::finalize (5 bytes)
Event: 1.405 Thread 0x0000023960c58800 nmethod 1889 0x0000023949c54650 code [0x0000023949c547c0, 0x0000023949c54930]
Event: 1.405 Thread 0x0000023960c58800 1890       2       java.util.zip.ZipFile$ZipFileInputStream::finalize (5 bytes)
Event: 1.405 Thread 0x0000023960c58800 nmethod 1890 0x0000023949c542d0 code [0x0000023949c54440, 0x0000023949c545b0]

GC Heap History (10 events):
Event: 0.572 GC heap before
{Heap before GC invocations=1 (full 0):
 PSYoungGen      total 57344K, used 49152K [0x0000000780780000, 0x0000000784780000, 0x00000007c0000000)
  eden space 49152K, 100% used [0x0000000780780000,0x0000000783780000,0x0000000783780000)
  from space 8192K, 0% used [0x0000000783f80000,0x0000000783f80000,0x0000000784780000)
  to   space 8192K, 0% used [0x0000000783780000,0x0000000783780000,0x0000000783f80000)
 ParOldGen       total 131072K, used 0K [0x0000000701600000, 0x0000000709600000, 0x0000000780780000)
  object space 131072K, 0% used [0x0000000701600000,0x0000000701600000,0x0000000709600000)
 Metaspace       used 5910K, capacity 6988K, committed 7168K, reserved 1056768K
  class space    used 627K, capacity 648K, committed 768K, reserved 1048576K
Event: 0.577 GC heap after
Heap after GC invocations=1 (full 0):
 PSYoungGen      total 57344K, used 8184K [0x0000000780780000, 0x0000000784780000, 0x00000007c0000000)
  eden space 49152K, 0% used [0x0000000780780000,0x0000000780780000,0x0000000783780000)
  from space 8192K, 99% used [0x0000000783780000,0x0000000783f7e0c8,0x0000000783f80000)
  to   space 8192K, 0% used [0x0000000783f80000,0x0000000783f80000,0x0000000784780000)
 ParOldGen       total 131072K, used 129K [0x0000000701600000, 0x0000000709600000, 0x0000000780780000)
  object space 131072K, 0% used [0x0000000701600000,0x00000007016207c8,0x0000000709600000)
 Metaspace       used 5910K, capacity 6988K, committed 7168K, reserved 1056768K
  class space    used 627K, capacity 648K, committed 768K, reserved 1048576K
}
Event: 0.705 GC heap before
{Heap before GC invocations=2 (full 0):
 PSYoungGen      total 57344K, used 57336K [0x0000000780780000, 0x0000000784780000, 0x00000007c0000000)
  eden space 49152K, 100% used [0x0000000780780000,0x0000000783780000,0x0000000783780000)
  from space 8192K, 99% used [0x0000000783780000,0x0000000783f7e0c8,0x0000000783f80000)
  to   space 8192K, 0% used [0x0000000783f80000,0x0000000783f80000,0x0000000784780000)
 ParOldGen       total 131072K, used 129K [0x0000000701600000, 0x0000000709600000, 0x0000000780780000)
  object space 131072K, 0% used [0x0000000701600000,0x00000007016207c8,0x0000000709600000)
 Metaspace       used 6024K, capacity 7116K, committed 7424K, reserved 1056768K
  class space    used 627K, capacity 648K, committed 768K, reserved 1048576K
Event: 0.708 GC heap after
Heap after GC invocations=2 (full 0):
 PSYoungGen      total 57344K, used 5726K [0x0000000780780000, 0x0000000787780000, 0x00000007c0000000)
  eden space 49152K, 0% used [0x0000000780780000,0x0000000780780000,0x0000000783780000)
  from space 8192K, 69% used [0x0000000783f80000,0x0000000784517b78,0x0000000784780000)
  to   space 8192K, 0% used [0x0000000783780000,0x0000000783780000,0x0000000783f80000)
 ParOldGen       total 131072K, used 137K [0x0000000701600000, 0x0000000709600000, 0x0000000780780000)
  object space 131072K, 0% used [0x0000000701600000,0x00000007016227c8,0x0000000709600000)
 Metaspace       used 6024K, capacity 7116K, committed 7424K, reserved 1056768K
  class space    used 627K, capacity 648K, committed 768K, reserved 1048576K
}
Event: 0.785 GC heap before
{Heap before GC invocations=3 (full 0):
 PSYoungGen      total 57344K, used 54878K [0x0000000780780000, 0x0000000787780000, 0x00000007c0000000)
  eden space 49152K, 100% used [0x0000000780780000,0x0000000783780000,0x0000000783780000)
  from space 8192K, 69% used [0x0000000783f80000,0x0000000784517b78,0x0000000784780000)
  to   space 8192K, 0% used [0x0000000783780000,0x0000000783780000,0x0000000783f80000)
 ParOldGen       total 131072K, used 137K [0x0000000701600000, 0x0000000709600000, 0x0000000780780000)
  object space 131072K, 0% used [0x0000000701600000,0x00000007016227c8,0x0000000709600000)
 Metaspace       used 6133K, capacity 7128K, committed 7424K, reserved 1056768K
  class space    used 636K, capacity 650K, committed 768K, reserved 1048576K
Event: 0.788 GC heap after
Heap after GC invocations=3 (full 0):
 PSYoungGen      total 57344K, used 6358K [0x0000000780780000, 0x0000000787780000, 0x00000007c0000000)
  eden space 49152K, 0% used [0x0000000780780000,0x0000000780780000,0x0000000783780000)
  from space 8192K, 77% used [0x0000000783780000,0x0000000783db5820,0x0000000783f80000)
  to   space 8192K, 0% used [0x0000000786f80000,0x0000000786f80000,0x0000000787780000)
 ParOldGen       total 131072K, used 145K [0x0000000701600000, 0x0000000709600000, 0x0000000780780000)
  object space 131072K, 0% used [0x0000000701600000,0x00000007016247c8,0x0000000709600000)
 Metaspace       used 6133K, capacity 7128K, committed 7424K, reserved 1056768K
  class space    used 636K, capacity 650K, committed 768K, reserved 1048576K
}
Event: 0.868 GC heap before
{Heap before GC invocations=4 (full 0):
 PSYoungGen      total 57344K, used 55510K [0x0000000780780000, 0x0000000787780000, 0x00000007c0000000)
  eden space 49152K, 100% used [0x0000000780780000,0x0000000783780000,0x0000000783780000)
  from space 8192K, 77% used [0x0000000783780000,0x0000000783db5820,0x0000000783f80000)
  to   space 8192K, 0% used [0x0000000786f80000,0x0000000786f80000,0x0000000787780000)
 ParOldGen       total 131072K, used 145K [0x0000000701600000, 0x0000000709600000, 0x0000000780780000)
  object space 131072K, 0% used [0x0000000701600000,0x00000007016247c8,0x0000000709600000)
 Metaspace       used 6220K, capacity 7192K, committed 7424K, reserved 1056768K
  class space    used 636K, capacity 650K, committed 768K, reserved 1048576K
Event: 0.872 GC heap after
Heap after GC invocations=4 (full 0):
 PSYoungGen      total 106496K, used 6938K [0x0000000780780000, 0x0000000787780000, 0x00000007c0000000)
  eden space 98304K, 0% used [0x0000000780780000,0x0000000780780000,0x0000000786780000)
  from space 8192K, 84% used [0x0000000786f80000,0x00000007876469c0,0x0000000787780000)
  to   space 8192K, 0% used [0x0000000786780000,0x0000000786780000,0x0000000786f80000)
 ParOldGen       total 131072K, used 153K [0x0000000701600000, 0x0000000709600000, 0x0000000780780000)
  object space 131072K, 0% used [0x0000000701600000,0x00000007016267c8,0x0000000709600000)
 Metaspace       used 6220K, capacity 7192K, committed 7424K, reserved 1056768K
  class space    used 636K, capacity 650K, committed 768K, reserved 1048576K
}
Event: 1.397 GC heap before
{Heap before GC invocations=5 (full 0):
 PSYoungGen      total 106496K, used 105242K [0x0000000780780000, 0x0000000787780000, 0x00000007c0000000)
  eden space 98304K, 100% used [0x0000000780780000,0x0000000786780000,0x0000000786780000)
  from space 8192K, 84% used [0x0000000786f80000,0x00000007876469c0,0x0000000787780000)
  to   space 8192K, 0% used [0x0000000786780000,0x0000000786780000,0x0000000786f80000)
 ParOldGen       total 131072K, used 153K [0x0000000701600000, 0x0000000709600000, 0x0000000780780000)
  object space 131072K, 0% used [0x0000000701600000,0x00000007016267c8,0x0000000709600000)
 Metaspace       used 7814K, capacity 8460K, committed 8576K, reserved 1056768K
  class space    used 820K, capacity 868K, committed 896K, reserved 1048576K
Event: 1.405 GC heap after
Heap after GC invocations=5 (full 0):
 PSYoungGen      total 106496K, used 8182K [0x0000000780780000, 0x000000078dd80000, 0x00000007c0000000)
  eden space 98304K, 0% used [0x0000000780780000,0x0000000780780000,0x0000000786780000)
  from space 8192K, 99% used [0x0000000786780000,0x0000000786f7dbe0,0x0000000786f80000)
  to   space 11264K, 0% used [0x000000078d280000,0x000000078d280000,0x000000078dd80000)
 ParOldGen       total 131072K, used 3098K [0x0000000701600000, 0x0000000709600000, 0x0000000780780000)
  object space 131072K, 2% used [0x0000000701600000,0x00000007019068a0,0x0000000709600000)
 Metaspace       used 7814K, capacity 8460K, committed 8576K, reserved 1056768K
  class space    used 820K, capacity 868K, committed 896K, reserved 1048576K
}

Deoptimization events (10 events):
Event: 1.257 Thread 0x0000023947b13000 Uncommon trap: reason=class_check action=maybe_recompile pc=0x0000023949b47ec0 method=java.util.Arrays.copyOf([Ljava/lang/Object;ILjava/lang/Class;)[Ljava/lang/Object; @ 24
Event: 1.258 Thread 0x0000023947b13000 Uncommon trap: reason=unstable_if action=reinterpret pc=0x0000023949894f28 method=java.util.HashMap.getNode(ILjava/lang/Object;)Ljava/util/HashMap$Node; @ 62
Event: 1.258 Thread 0x0000023947b13000 Uncommon trap: reason=unstable_if action=reinterpret pc=0x0000023949b4b580 method=java.util.HashMap.putVal(ILjava/lang/Object;Ljava/lang/Object;ZZ)Ljava/lang/Object; @ 94
Event: 1.258 Thread 0x0000023947b13000 Uncommon trap: reason=unstable_if action=reinterpret pc=0x0000023949b386e8 method=java.util.HashMap.putVal(ILjava/lang/Object;Ljava/lang/Object;ZZ)Ljava/lang/Object; @ 94
Event: 1.259 Thread 0x0000023947b13000 Uncommon trap: reason=class_check action=maybe_recompile pc=0x0000023949b47ec0 method=java.util.Arrays.copyOf([Ljava/lang/Object;ILjava/lang/Class;)[Ljava/lang/Object; @ 24
Event: 1.285 Thread 0x0000023947b13000 Uncommon trap: reason=class_check action=maybe_recompile pc=0x0000023949b47ec0 method=java.util.Arrays.copyOf([Ljava/lang/Object;ILjava/lang/Class;)[Ljava/lang/Object; @ 24
Event: 1.288 Thread 0x0000023947b13000 Uncommon trap: reason=class_check action=maybe_recompile pc=0x0000023949b69b24 method=org.stringtemplate.v4.AutoIndentWriter.write(Ljava/lang/String;)I @ 128
Event: 1.288 Thread 0x0000023947b13000 Uncommon trap: reason=class_check action=maybe_recompile pc=0x0000023949b69b24 method=org.stringtemplate.v4.AutoIndentWriter.write(Ljava/lang/String;)I @ 128
Event: 1.288 Thread 0x0000023947b13000 Uncommon trap: reason=class_check action=maybe_recompile pc=0x0000023949b69b24 method=org.stringtemplate.v4.AutoIndentWriter.write(Ljava/lang/String;)I @ 128
Event: 1.288 Thread 0x0000023947b13000 Uncommon trap: reason=class_check action=maybe_recompile pc=0x0000023949b69b24 method=org.stringtemplate.v4.AutoIndentWriter.write(Ljava/lang/String;)I @ 128

Classes redefined (0 events):
No events

Internal exceptions (10 events):
Event: 0.026 Thread 0x0000023947b13000 Exception <a 'java/lang/NoSuchMethodError': Method sun.misc.Unsafe.defineClass(Ljava/lang/String;[BII)Ljava/lang/Class; name or signature does not match> (0x0000000780787cc0) thrown at [C:\jenkins\workspace\8-2-build-windows-amd64-cygwin\jdk8u321\2141\hot
Event: 0.026 Thread 0x0000023947b13000 Exception <a 'java/lang/NoSuchMethodError': Method sun.misc.Unsafe.prefetchRead(Ljava/lang/Object;J)V name or signature does not match> (0x0000000780787fa8) thrown at [C:\jenkins\workspace\8-2-build-windows-amd64-cygwin\jdk8u321\2141\hotspot\src\share\vm\
Event: 0.103 Thread 0x0000023947b13000 Exception <a 'java/security/PrivilegedActionException'> (0x0000000780a3f500) thrown at [C:\jenkins\workspace\8-2-build-windows-amd64-cygwin\jdk8u321\2141\hotspot\src\share\vm\prims\jvm.cpp, line 1523]
Event: 0.103 Thread 0x0000023947b13000 Exception <a 'java/security/PrivilegedActionException'> (0x0000000780a3f710) thrown at [C:\jenkins\workspace\8-2-build-windows-amd64-cygwin\jdk8u321\2141\hotspot\src\share\vm\prims\jvm.cpp, line 1523]
Event: 0.103 Thread 0x0000023947b13000 Exception <a 'java/security/PrivilegedActionException'> (0x0000000780a43380) thrown at [C:\jenkins\workspace\8-2-build-windows-amd64-cygwin\jdk8u321\2141\hotspot\src\share\vm\prims\jvm.cpp, line 1523]
Event: 0.103 Thread 0x0000023947b13000 Exception <a 'java/security/PrivilegedActionException'> (0x0000000780a43590) thrown at [C:\jenkins\workspace\8-2-build-windows-amd64-cygwin\jdk8u321\2141\hotspot\src\share\vm\prims\jvm.cpp, line 1523]
Event: 1.051 Thread 0x0000023947b13000 Implicit null exception at 0x00000239499d2096 to 0x00000239499d2451
Event: 1.051 Thread 0x0000023947b13000 Implicit null exception at 0x0000023949621c16 to 0x0000023949621fcd
Event: 1.127 Thread 0x0000023947b13000 Implicit null exception at 0x0000023949a5ab35 to 0x0000023949a5afd5
Event: 1.127 Thread 0x0000023947b13000 Implicit null exception at 0x0000023949a2fa2f to 0x0000023949a2fae9

Events (10 events):
Event: 1.406 loading class java/lang/ProcessBuilder
Event: 1.406 loading class java/lang/ProcessBuilder done
Event: 1.406 loading class java/lang/ProcessImpl
Event: 1.406 loading class java/lang/Process
Event: 1.406 loading class java/lang/Process done
Event: 1.406 loading class java/lang/ProcessImpl done
Event: 1.410 loading class java/lang/ProcessImpl$2
Event: 1.410 loading class java/lang/ProcessImpl$2 done
Event: 1.410 loading class java/lang/ProcessBuilder$NullInputStream
Event: 1.410 loading class java/lang/ProcessBuilder$NullInputStream done


Dynamic libraries:
0x00007ff73eef0000 - 0x00007ff73ef37000 	C:\Program Files (x86)\Common Files\Oracle\Java\javapath\java.exe
0x00007ff8b51d0000 - 0x00007ff8b53c5000 	C:\WINDOWS\SYSTEM32\ntdll.dll
0x00007ff8b4320000 - 0x00007ff8b43de000 	C:\WINDOWS\System32\KERNEL32.DLL
0x00007ff8b2c00000 - 0x00007ff8b2ec8000 	C:\WINDOWS\System32\KERNELBASE.dll
0x00007ff8b3fc0000 - 0x00007ff8b406e000 	C:\WINDOWS\System32\ADVAPI32.dll
0x00007ff8b3c70000 - 0x00007ff8b3d0e000 	C:\WINDOWS\System32\msvcrt.dll
0x00007ff8b3d50000 - 0x00007ff8b3dec000 	C:\WINDOWS\System32\sechost.dll
0x00007ff8b4f90000 - 0x00007ff8b50b5000 	C:\WINDOWS\System32\RPCRT4.dll
0x00007ff8b32e0000 - 0x00007ff8b3480000 	C:\WINDOWS\System32\USER32.dll
0x00007ff8b2ed0000 - 0x00007ff8b2ef2000 	C:\WINDOWS\System32\win32u.dll
0x00007ff8b3e50000 - 0x00007ff8b3e7b000 	C:\WINDOWS\System32\GDI32.dll
0x00007ff8b3120000 - 0x00007ff8b322b000 	C:\WINDOWS\System32\gdi32full.dll
0x00007ff8b2f50000 - 0x00007ff8b2fed000 	C:\WINDOWS\System32\msvcp_win.dll
0x00007ff8b2a50000 - 0x00007ff8b2b50000 	C:\WINDOWS\System32\ucrtbase.dll
0x00007ff891800000 - 0x00007ff891a9a000 	C:\WINDOWS\WinSxS\amd64_microsoft.windows.common-controls_6595b64144ccf1df_6.0.19041.1110_none_60b5254171f9507e\COMCTL32.dll
0x00007ff8b3d10000 - 0x00007ff8b3d40000 	C:\WINDOWS\System32\IMM32.DLL
0x00007ff8ac110000 - 0x00007ff8ac125000 	C:\Program Files\Java\jre1.8.0_321\bin\vcruntime140.dll
0x00007ff891170000 - 0x00007ff89120b000 	C:\Program Files\Java\jre1.8.0_321\bin\msvcp140.dll
0x000000006f8a0000 - 0x0000000070101000 	C:\Program Files\Java\jre1.8.0_321\bin\server\jvm.dll
0x00007ff8b4f80000 - 0x00007ff8b4f88000 	C:\WINDOWS\System32\PSAPI.DLL
0x00007ff8a43b0000 - 0x00007ff8a43b9000 	C:\WINDOWS\SYSTEM32\WSOCK32.dll
0x00007ff89e7b0000 - 0x00007ff89e7d7000 	C:\WINDOWS\SYSTEM32\WINMM.dll
0x00007ff8ae460000 - 0x00007ff8ae46a000 	C:\WINDOWS\SYSTEM32\VERSION.dll
0x00007ff8b4740000 - 0x00007ff8b47ab000 	C:\WINDOWS\System32\WS2_32.dll
0x00007ff8b1400000 - 0x00007ff8b1412000 	C:\WINDOWS\SYSTEM32\kernel.appcore.dll
0x00007ff8af100000 - 0x00007ff8af110000 	C:\Program Files\Java\jre1.8.0_321\bin\verify.dll
0x00007ff8a5fb0000 - 0x00007ff8a5fdb000 	C:\Program Files\Java\jre1.8.0_321\bin\java.dll
0x00007ff8a9b00000 - 0x00007ff8a9b18000 	C:\Program Files\Java\jre1.8.0_321\bin\zip.dll
0x00007ff8b3520000 - 0x00007ff8b3c64000 	C:\WINDOWS\System32\SHELL32.dll
0x00007ff8b09e0000 - 0x00007ff8b1174000 	C:\WINDOWS\SYSTEM32\windows.storage.dll
0x00007ff8b43e0000 - 0x00007ff8b4734000 	C:\WINDOWS\System32\combase.dll
0x00007ff8b2350000 - 0x00007ff8b237c000 	C:\WINDOWS\SYSTEM32\Wldp.dll
0x00007ff8b4270000 - 0x00007ff8b431d000 	C:\WINDOWS\System32\SHCORE.dll
0x00007ff8b4210000 - 0x00007ff8b4265000 	C:\WINDOWS\System32\shlwapi.dll
0x00007ff8b2830000 - 0x00007ff8b284f000 	C:\WINDOWS\SYSTEM32\profapi.dll
0x00007ff8b05b0000 - 0x00007ff8b0794000 	C:\WINDOWS\SYSTEM32\dbghelp.dll
0x00007ff8b2ff0000 - 0x00007ff8b3072000 	C:\WINDOWS\System32\bcryptPrimitives.dll

VM Arguments:
java_command: org.antlr.v4.Tool -Xlog -Dlanguage=Go Rust.g4
java_class_path (initial): C:\antlr4\lib\antlr-4.7.2-complete.jar;.
Launcher Type: SUN_STANDARD

Environment Variables:
JAVA_HOME=C:\Program Files\Java\jdk1.8.0_271
PATH=C:\Go\bin;C:\Users\Andres\go\bin;C:\Program Files (x86)\Common Files\Oracle\Java\javapath;C:\WINDOWS\system32;C:\WINDOWS;C:\WINDOWS\System32\Wbem;C:\WINDOWS\System32\WindowsPowerShell\v1.0\;C:\WINDOWS\System32\OpenSSH\;C:\Program Files\MySQL\MySQL Server 8.0\bin;C:\Users\Andres\AppData\Local\Programs\Python\Python38;C:\Program Files (x86)\Graphviz2.38\bin;C:\Go\bin;C:\Program Files\Microsoft SQL Server\120\Tools\Binn\;C:\Program Files\Common Files\Autodesk Shared\;C:\Gradle\gradle-6.7\bin\;C:\Program Files\Graphviz\bin;C:\Program Files\dotnet\;C:\Program Files\Microsoft SQL Server\130\Tools\Binn\;C:\Program Files\Microsoft SQL Server\Client SDK\ODBC\170\Tools\Binn\;C:\Program Files (x86)\dotnet\;C:\Program Files\PostgreSQL\13\bin\;C:\Program Files\Docker\Docker\resources\bin;C:\ProgramData\DockerDesktop\version-bin;C:\Program Files\Git\cmd;C:\Program Files\nodejs\;C:\Users\Andres\AppData\Local\Programs\Python\Python38\Scripts\;C:\Users\Andres\AppData\Local\Programs\Python\Python38\;C:\Program Files\MySQL\MySQL Shell 8.0\bin\;C:\Users\Andres\AppData\Local\Microsoft\WindowsApps;C:\Users\Andres\AppData\Local\Programs\Microsoft VS Code\bin;C:\Program Files (x86)\Graphviz2.38\bin;C:\Users\Andres\go\bin;C:\Users\Andres\AppData\Local\GitHubDesktop\bin;C:\Program Files\JetBrains\DataGrip 2020.3.2\bin;;C:\Program Files\heroku\bin;C:\Users\Andres\AppData\Roaming\npm;C:\antlr4\bin;C:\Program Files\Java\jdk1.8.0_271\bin;;C:\Program Files\JetBrains\GoLand 2021.3.3\bin;
USERNAME=Andres
OS=Windows_NT
PROCESSOR_IDENTIFIER=Intel64 Family 6 Model 142 Stepping 10, GenuineIntel



---------------  S Y S T E M  ---------------

OS: Windows 10 , 64 bit Build 19041 (10.0.19041.1566)

CPU:total 8 (initial active 8) (4 cores per cpu, 2 threads per core) family 6 model 142 stepping 10, cmov, cx8, fxsr, mmx, sse, sse2, sse3, ssse3, sse4.1, sse4.2, popcnt, avx, avx2, aes, clmul, erms, 3dnowpref, lzcnt, ht, tsc, tscinvbit, bmi1, bmi2, adx

Memory: 4k page, physical 12491876k(3259284k free), swap 14969956k(11204k free)

vm_info: Java HotSpot(TM) 64-Bit Server VM (25.321-b07) for windows-amd64 JRE (1.8.0_321-b07), built on Dec 15 2021 11:19:20 by "java_re" with MS VC++ 15.9 (VS2017)

time: Tue Mar 29 22:29:39 2022
timezone: Hora estándar, América Central
elapsed time: 1.534996 seconds (0d 0h 0m 1s)

